###############################################################################
#
# IAR ANSI C/C++ Compiler V9.40.1.364/W64 for ARM         06/Oct/2023  13:39:20
# Copyright 1999-2023 IAR Systems AB.
#
#    Cpu mode          =  thumb
#    Endian            =  little
#    Source file       =  R:\STM32F205RC-Booter\Source\asserts.c
#    Command line      =
#        -f
#        R:\STM32F205RC-Booter\Boot_MCU\Boot\obj\Source_15812263154798067462.dir\asserts.o.rsp
#        (R:\STM32F205RC-Booter\Source\asserts.c -D USE_HAL_DRIVER -D
#        USE_FULL_LL_DRIVER -D STM32F205xx -lcN
#        R:\STM32F205RC-Booter\Boot_MCU\Boot\obj\Source_15812263154798067462.dir
#        -o
#        R:\STM32F205RC-Booter\Boot_MCU\Boot\obj\Source_15812263154798067462.dir
#        --no_cse --no_unroll --no_inline --no_code_motion --no_tbaa
#        --no_clustering --no_scheduling --debug --endian=little
#        --cpu=Cortex-M3 -e --fpu=None --dlib_config "C:\Program Files\IAR
#        Systems\Embedded Workbench 9.4\arm\inc\c\DLib_Config_Normal.h" -I
#        R:\STM32F205RC-Booter\Boot_MCU\Boot\ide\..\ -I
#        R:\STM32F205RC-Booter\Boot_MCU\Boot\ide\..\lib\ -I
#        R:\STM32F205RC-Booter\Boot_MCU\Boot\ide\..\lib\CMSIS\Device\ST\STM32F2xx\Include\
#        -I R:\STM32F205RC-Booter\Boot_MCU\Boot\ide\..\lib\CMSIS\Include\ -I
#        R:\STM32F205RC-Booter\Boot_MCU\Boot\ide\..\lib\fatfs\ -I
#        R:\STM32F205RC-Booter\Boot_MCU\Boot\ide\..\lib\STM32F2xx_HAL_Driver\Inc\
#        -I
#        R:\STM32F205RC-Booter\Boot_MCU\Boot\ide\..\lib\STM32F2xx_HAL_Driver\Inc\Legacy\
#        -I R:\STM32F205RC-Booter\Boot_MCU\Boot\ide\..\..\..\Source\ -I
#        R:\STM32F205RC-Booter\Boot_MCU\Boot\ide\..\..\..\Source\ARMCM3_STM32F2\
#        -I
#        R:\STM32F205RC-Booter\Boot_MCU\Boot\ide\..\..\..\Source\third_party\fatfs\src\
#        -Ol) --dependencies=n
#        R:\STM32F205RC-Booter\Boot_MCU\Boot\obj\Source_15812263154798067462.dir\asserts.o.iar_deps
#    Locale            =  C
#    List file         =
#        R:\STM32F205RC-Booter\Boot_MCU\Boot\obj\Source_15812263154798067462.dir\asserts.lst
#    Object file       =
#        R:\STM32F205RC-Booter\Boot_MCU\Boot\obj\Source_15812263154798067462.dir\asserts.o
#    Runtime model:       
#      __CPP_Runtime   =  1
#      __SystemLibrary =  DLib
#
###############################################################################

R:\STM32F205RC-Booter\Source\asserts.c
      1          /************************************************************************************//**
      2          * \file         Source/asserts.c
      3          * \brief        Bootloader assertion module source file.
      4          * \ingroup      Core
      5          * \internal
      6          *----------------------------------------------------------------------------------------
      7          *                          C O P Y R I G H T
      8          *----------------------------------------------------------------------------------------
      9          *   Copyright (c) 2011  by Feaser    http://www.feaser.com    All rights reserved
     10          *
     11          *----------------------------------------------------------------------------------------
     12          *                            L I C E N S E
     13          *----------------------------------------------------------------------------------------
     14          * This file is part of OpenBLT. OpenBLT is free software: you can redistribute it and/or
     15          * modify it under the terms of the GNU General Public License as published by the Free
     16          * Software Foundation, either version 3 of the License, or (at your option) any later
     17          * version.
     18          *
     19          * OpenBLT is distributed in the hope that it will be useful, but WITHOUT ANY WARRANTY;
     20          * without even the implied warranty of MERCHANTABILITY or FITNESS FOR A PARTICULAR
     21          * PURPOSE. See the GNU General Public License for more details.
     22          *
     23          * You have received a copy of the GNU General Public License along with OpenBLT. It
     24          * should be located in ".\Doc\license.html". If not, contact Feaser to obtain a copy.
     25          *
     26          * \endinternal
     27          ****************************************************************************************/
     28          
     29          /****************************************************************************************
     30          * Include files
     31          ****************************************************************************************/
     32          #include "boot.h"                                /* bootloader generic header          */
     33          
     34          
     35          #ifndef NDEBUG
     36          /************************************************************************************//**
     37          ** \brief     Called when a runtime assertion failed. It stores information about where
     38          **            the assertion occurred and halts the software program.
     39          ** \param     file   Name of the source file where the assertion occurred.
     40          ** \param     line   Linenumber in the source file where the assertion occurred.
     41          ** \return    none
     42          **
     43          ****************************************************************************************/
     44          void AssertFailure(blt_char *file, blt_int32u line)
     45          {
     46            /* hang the software so that it requires a hard reset */
     47            for (;;)
     48            {
     49              /* keep servicing the watchdog so that this one does not cause a reset */
     50              CopService();
     51            }
     52          } /*** end of AssertFailure ***/
     53          #endif /* !NDEBUG */
     54          
     55          
     56          /*********************************** end of assert.c ***********************************/

   Maximum stack usage in bytes:

   .cstack Function
   ------- --------
       8   AssertFailure
         8   -> CopService


   Section sizes:

   Bytes  Function/Label
   -----  --------------
       8  AssertFailure

 
 8 bytes in section .text
 
 8 bytes of CODE memory

Errors: none
Warnings: none
